# JRE version: OpenJDK Runtime Environment (8.0_242-b01) (build 1.8.0_242-release-1644-b01)
# Java VM: OpenJDK 64-Bit Server VM (25.242-b01 mixed mode windows-amd64 compressed oops)
Heap:
 PSYoungGen      total 336896K, used 191589K [0x00000000d5580000, 0x00000000ebf00000, 0x0000000100000000)
  eden space 315392K, 53% used [0x00000000d5580000,0x00000000dfba1648,0x00000000e8980000)
  from space 21504K, 99% used [0x00000000eaa00000,0x00000000ebef8068,0x00000000ebf00000)
  to   space 27136K, 0% used [0x00000000e8a00000,0x00000000e8a00000,0x00000000ea480000)
 ParOldGen       total 100864K, used 47430K [0x0000000080000000, 0x0000000086280000, 0x00000000d5580000)
  object space 100864K, 47% used [0x0000000080000000,0x0000000082e519e0,0x0000000086280000)
 Metaspace       used 80548K, capacity 84473K, committed 84504K, reserved 1122304K
  class space    used 10768K, capacity 11551K, committed 11560K, reserved 1048576K
GC Heap History (10 events):
Event: 20.234 GC heap before
{Heap before GC invocations=13 (full 2):
 PSYoungGen      total 186880K, used 185823K [0x00000000d5580000, 0x00000000e2300000, 0x0000000100000000)
  eden space 173568K, 100% used [0x00000000d5580000,0x00000000dff00000,0x00000000dff00000)
  from space 13312K, 92% used [0x00000000e0d80000,0x00000000e1977f18,0x00000000e1a80000)
  to   space 14848K, 0% used [0x00000000dff00000,0x00000000dff00000,0x00000000e0d80000)
 ParOldGen       total 69632K, used 19578K [0x0000000080000000, 0x0000000084400000, 0x00000000d5580000)
  object space 69632K, 28% used [0x0000000080000000,0x000000008131e9e8,0x0000000084400000)
 Metaspace       used 55354K, capacity 57448K, committed 57768K, reserved 1099776K
  class space    used 7550K, capacity 8002K, committed 8104K, reserved 1048576K
Event: 20.298 GC heap after
Heap after GC invocations=13 (full 2):
 PSYoungGen      total 188416K, used 14817K [0x00000000d5580000, 0x00000000e6d80000, 0x0000000100000000)
  eden space 173568K, 0% used [0x00000000d5580000,0x00000000d5580000,0x00000000dff00000)
  from space 14848K, 99% used [0x00000000dff00000,0x00000000e0d785a0,0x00000000e0d80000)
  to   space 19968K, 0% used [0x00000000e5a00000,0x00000000e5a00000,0x00000000e6d80000)
 ParOldGen       total 69632K, used 29145K [0x0000000080000000, 0x0000000084400000, 0x00000000d5580000)
  object space 69632K, 41% used [0x0000000080000000,0x0000000081c765c0,0x0000000084400000)
 Metaspace       used 55354K, capacity 57448K, committed 57768K, reserved 1099776K
  class space    used 7550K, capacity 8002K, committed 8104K, reserved 1048576K
}
Event: 20.837 GC heap before
{Heap before GC invocations=14 (full 2):
 PSYoungGen      total 188416K, used 43844K [0x00000000d5580000, 0x00000000e6d80000, 0x0000000100000000)
  eden space 173568K, 16% used [0x00000000d5580000,0x00000000d71d8b20,0x00000000dff00000)
  from space 14848K, 99% used [0x00000000dff00000,0x00000000e0d785a0,0x00000000e0d80000)
  to   space 19968K, 0% used [0x00000000e5a00000,0x00000000e5a00000,0x00000000e6d80000)
 ParOldGen       total 69632K, used 29145K [0x0000000080000000, 0x0000000084400000, 0x00000000d5580000)
  object space 69632K, 41% used [0x0000000080000000,0x0000000081c765c0,0x0000000084400000)
 Metaspace       used 56758K, capacity 58925K, committed 59160K, reserved 1099776K
  class space    used 7752K, capacity 8232K, committed 8232K, reserved 1048576K
Event: 20.856 GC heap after
Heap after GC invocations=14 (full 2):
 PSYoungGen      total 265728K, used 1776K [0x00000000d5580000, 0x00000000e6d80000, 0x0000000100000000)
  eden space 245760K, 0% used [0x00000000d5580000,0x00000000d5580000,0x00000000e4580000)
  from space 19968K, 8% used [0x00000000e5a00000,0x00000000e5bbc030,0x00000000e6d80000)
  to   space 20480K, 0% used [0x00000000e4580000,0x00000000e4580000,0x00000000e5980000)
 ParOldGen       total 69632K, used 40811K [0x0000000080000000, 0x0000000084400000, 0x00000000d5580000)
  object space 69632K, 58% used [0x0000000080000000,0x00000000827dac48,0x0000000084400000)
 Metaspace       used 56758K, capacity 58925K, committed 59160K, reserved 1099776K
  class space    used 7752K, capacity 8232K, committed 8232K, reserved 1048576K
}
Event: 20.856 GC heap before
{Heap before GC invocations=15 (full 3):
 PSYoungGen      total 265728K, used 1776K [0x00000000d5580000, 0x00000000e6d80000, 0x0000000100000000)
  eden space 245760K, 0% used [0x00000000d5580000,0x00000000d5580000,0x00000000e4580000)
  from space 19968K, 8% used [0x00000000e5a00000,0x00000000e5bbc030,0x00000000e6d80000)
  to   space 20480K, 0% used [0x00000000e4580000,0x00000000e4580000,0x00000000e5980000)
 ParOldGen       total 69632K, used 40811K [0x0000000080000000, 0x0000000084400000, 0x00000000d5580000)
  object space 69632K, 58% used [0x0000000080000000,0x00000000827dac48,0x0000000084400000)
 Metaspace       used 56758K, capacity 58925K, committed 59160K, reserved 1099776K
  class space    used 7752K, capacity 8232K, committed 8232K, reserved 1048576K
Event: 21.197 GC heap after
Heap after GC invocations=15 (full 3):
 PSYoungGen      total 265728K, used 0K [0x00000000d5580000, 0x00000000e6d80000, 0x0000000100000000)
  eden space 245760K, 0% used [0x00000000d5580000,0x00000000d5580000,0x00000000e4580000)
  from space 19968K, 0% used [0x00000000e5a00000,0x00000000e5a00000,0x00000000e6d80000)
  to   space 20480K, 0% used [0x00000000e4580000,0x00000000e4580000,0x00000000e5980000)
 ParOldGen       total 100864K, used 32870K [0x0000000080000000, 0x0000000086280000, 0x00000000d5580000)
  object space 100864K, 32% used [0x0000000080000000,0x0000000082019b48,0x0000000086280000)
 Metaspace       used 56729K, capacity 58829K, committed 59160K, reserved 1099776K
  class space    used 7744K, capacity 8216K, committed 8232K, reserved 1048576K
}
Event: 27.734 GC heap before
{Heap before GC invocations=16 (full 3):
 PSYoungGen      total 265728K, used 245756K [0x00000000d5580000, 0x00000000e6d80000, 0x0000000100000000)
  eden space 245760K, 99% used [0x00000000d5580000,0x00000000e457f1f0,0x00000000e4580000)
  from space 19968K, 0% used [0x00000000e5a00000,0x00000000e5a00000,0x00000000e6d80000)
  to   space 20480K, 0% used [0x00000000e4580000,0x00000000e4580000,0x00000000e5980000)
 ParOldGen       total 100864K, used 32870K [0x0000000080000000, 0x0000000086280000, 0x00000000d5580000)
  object space 100864K, 32% used [0x0000000080000000,0x0000000082019b48,0x0000000086280000)
 Metaspace       used 68597K, capacity 71683K, committed 71832K, reserved 1112064K
  class space    used 9475K, capacity 10091K, committed 10152K, reserved 1048576K
Event: 27.803 GC heap after
Heap after GC invocations=16 (full 3):
 PSYoungGen      total 266240K, used 20461K [0x00000000d5580000, 0x00000000ec180000, 0x0000000100000000)
  eden space 245760K, 0% used [0x00000000d5580000,0x00000000d5580000,0x00000000e4580000)
  from space 20480K, 99% used [0x00000000e4580000,0x00000000e597b5a0,0x00000000e5980000)
  to   space 24064K, 0% used [0x00000000eaa00000,0x00000000eaa00000,0x00000000ec180000)
 ParOldGen       total 100864K, used 33984K [0x0000000080000000, 0x0000000086280000, 0x00000000d5580000)
  object space 100864K, 33% used [0x0000000080000000,0x00000000821301e8,0x0000000086280000)
 Metaspace       used 68597K, capacity 71683K, committed 71832K, reserved 1112064K
  class space    used 9475K, capacity 10091K, committed 10152K, reserved 1048576K
}
Event: 403.996 GC heap before
{Heap before GC invocations=17 (full 3):
 PSYoungGen      total 266240K, used 266221K [0x00000000d5580000, 0x00000000ec180000, 0x0000000100000000)
  eden space 245760K, 100% used [0x00000000d5580000,0x00000000e4580000,0x00000000e4580000)
  from space 20480K, 99% used [0x00000000e4580000,0x00000000e597b5a0,0x00000000e5980000)
  to   space 24064K, 0% used [0x00000000eaa00000,0x00000000eaa00000,0x00000000ec180000)
 ParOldGen       total 100864K, used 33984K [0x0000000080000000, 0x0000000086280000, 0x00000000d5580000)
  object space 100864K, 33% used [0x0000000080000000,0x00000000821301e8,0x0000000086280000)
 Metaspace       used 78173K, capacity 81979K, committed 82200K, reserved 1120256K
  class space    used 10462K, capacity 11266K, committed 11304K, reserved 1048576K
Event: 405.353 GC heap after
Heap after GC invocations=17 (full 3):
 PSYoungGen      total 336896K, used 21472K [0x00000000d5580000, 0x00000000ebf00000, 0x0000000100000000)
  eden space 315392K, 0% used [0x00000000d5580000,0x00000000d5580000,0x00000000e8980000)
  from space 21504K, 99% used [0x00000000eaa00000,0x00000000ebef8068,0x00000000ebf00000)
  to   space 27136K, 0% used [0x00000000e8a00000,0x00000000e8a00000,0x00000000ea480000)
 ParOldGen       total 100864K, used 47430K [0x0000000080000000, 0x0000000086280000, 0x00000000d5580000)
  object space 100864K, 47% used [0x0000000080000000,0x0000000082e519e0,0x0000000086280000)
 Metaspace       used 78173K, capacity 81979K, committed 82200K, reserved 1120256K
  class space    used 10462K, capacity 11266K, committed 11304K, reserved 1048576K
}

